 
Ansys Electronics Desktop Version 2024.1.0, Build: 2023-11-27 22:16:18
Location: C:\Program Files\AnsysEM\v241\Win64\ansysedt.exe
Batch Extract Script: C:/Users/giannetti/Documents/HFSS-MATLAB_interface/Dev7/Python/NoVarExport/ExportToFile_Sparam.py
Starting Batch Run: 4:38:18 PM  Mar 04, 2024
Running as user : DESKTOP-2I7JASQ\giannetti
Temp directory: C:\Users\Admin\AppData\Local\Temp
Project directory: C:\Users\giannetti\Documents\Ansoft
Stopping Batch Run: 4:38:23 PM  Mar 04, 2024
 
Ansys Electronics Desktop Version 2024.1.0, Build: 2023-11-27 22:16:18
Location: C:\Program Files\AnsysEM\v241\Win64\ansysedt.exe
Batch Extract Script: C:/Users/giannetti/Documents/HFSS-MATLAB_interface/Dev7/Python/NoVarExport/ExportToFile_Sparam.py
Starting Batch Run: 4:39:03 PM  Mar 04, 2024
Running as user : DESKTOP-2I7JASQ\giannetti
Temp directory: C:\Users\Admin\AppData\Local\Temp
Project directory: C:\Users\giannetti\Documents\Ansoft
Stopping Batch Run: 4:39:08 PM  Mar 04, 2024
 
Ansys Electronics Desktop Version 2024.1.0, Build: 2023-11-27 22:16:18
Location: C:\Program Files\AnsysEM\v241\Win64\ansysedt.exe
Batch Extract Script: C:/Users/giannetti/Documents/HFSS-MATLAB_interface/Dev7/Python/NoVarExport/ExportToFile_Sparam.py
Starting Batch Run: 4:40:12 PM  Mar 04, 2024
Running as user : DESKTOP-2I7JASQ\giannetti
Temp directory: C:\Users\Admin\AppData\Local\Temp
Project directory: C:\Users\giannetti\Documents\Ansoft
Stopping Batch Run: 4:40:16 PM  Mar 04, 2024
 
Ansys Electronics Desktop Version 2024.1.0, Build: 2023-11-27 22:16:18
Location: C:\Program Files\AnsysEM\v241\Win64\ansysedt.exe
Batch Extract Script: C:/Users/giannetti/Documents/HFSS-MATLAB_interface/Dev7/Python/NoVarExport/ExportToFile_Sparam.py
Starting Batch Run: 4:41:07 PM  Mar 04, 2024
Running as user : DESKTOP-2I7JASQ\giannetti
Temp directory: C:\Users\Admin\AppData\Local\Temp
Project directory: C:\Users\giannetti\Documents\Ansoft
Stopping Batch Run: 4:41:12 PM  Mar 04, 2024
